<?xml version="1.0" encoding="UTF-8"?>
<!-- Generated by org.testng.reporters.JUnitReportReporter -->
<testsuite hostname="Rembe-PC" failures="0" tests="1" name="rembe.demoblaze_automation.AppTest" time="18.506" errors="0" timestamp="2023-10-23T18:50:37 COT" skipped="0">
  <testcase classname="rembe.demoblaze_automation.AppTest" name="testDemoBlaze" time="18.506"/>
</testsuite> <!-- rembe.demoblaze_automation.AppTest -->
